Mon Dec 01 2014 12:13:50 GMT+0800 (中国标准时间): Create a new worker 10044.
Mon Dec 01 2014 12:13:50 GMT+0800 (中国标准时间): server start...
Mon Dec 01 2014 12:13:50 GMT+0800 (中国标准时间): Detected error, set `respawn` to false!
Mon Dec 01 2014 12:13:50 GMT+0800 (中国标准时间): events.js:72
        throw er; // Unhandled 'error' event
              ^
Error: listen EADDRINUSE
    at errnoException (net.js:904:11)
    at Server._listen2 (net.js:1042:14)
    at listen (net.js:1064:10)
    at Server.listen (net.js:1138:5)
    at EventEmitter.app.listen (d:\ada\main\shukugang\static\express\node_modules\express\lib\application.js:559:24)
    at Object.<anonymous> (d:\ada\main\shukugang\static\express\server.js:134:5)
    at Module._compile (module.js:456:26)
    at Object.Module._extensions..js (module.js:474:10)
    at Module.load (module.js:356:32)
    at Function.Module._load (module.js:312:12)
Mon Dec 01 2014 12:14:18 GMT+0800 (中国标准时间): Create a new worker 3596.
Mon Dec 01 2014 12:14:18 GMT+0800 (中国标准时间): server start...
Mon Dec 01 2014 12:14:40 GMT+0800 (中国标准时间): Create a new worker 8740.
Mon Dec 01 2014 12:14:40 GMT+0800 (中国标准时间): server start...
Mon Dec 01 2014 12:15:43 GMT+0800 (中国标准时间): Create a new worker 8552.
Mon Dec 01 2014 12:15:43 GMT+0800 (中国标准时间): server start...
Mon Dec 01 2014 12:17:11 GMT+0800 (中国标准时间): Create a new worker 6208.
Mon Dec 01 2014 12:17:11 GMT+0800 (中国标准时间): server start...
Mon Dec 01 2014 12:17:51 GMT+0800 (中国标准时间): Create a new worker 5028.
Mon Dec 01 2014 12:17:52 GMT+0800 (中国标准时间): server start...
Mon Dec 01 2014 12:33:03 GMT+0800 (中国标准时间): GET /view/user/my/stocks/%7B
Mon Dec 01 2014 12:33:03 GMT+0800 (中国标准时间): GET /center/getOS
Mon Dec 01 2014 12:33:03 GMT+0800 (中国标准时间): GET /view/user/my/stocks/%7B
Mon Dec 01 2014 12:33:09 GMT+0800 (中国标准时间): GET /view/user/my/stocks/%7B
Mon Dec 01 2014 12:33:09 GMT+0800 (中国标准时间): GET /center/getOS
Mon Dec 01 2014 12:33:09 GMT+0800 (中国标准时间): GET /view/user/my/stocks/%7B
Mon Dec 01 2014 12:34:02 GMT+0800 (中国标准时间): GET /view/baner/1/
Mon Dec 01 2014 12:34:02 GMT+0800 (中国标准时间): GET /favicon.ico
Mon Dec 01 2014 14:26:49 GMT+0800 (中国标准时间): GET /view/user/my/stocks/%7B
Mon Dec 01 2014 14:26:50 GMT+0800 (中国标准时间): GET /center/getOS
Mon Dec 01 2014 14:26:50 GMT+0800 (中国标准时间): GET /view/user/my/stocks/%7B
Mon Dec 01 2014 14:39:49 GMT+0800 (中国标准时间): POST /search/company
Mon Dec 01 2014 14:50:18 GMT+0800 (中国标准时间): GET /view/comany/profile/
Mon Dec 01 2014 14:50:18 GMT+0800 (中国标准时间): GET /favicon.ico
Mon Dec 01 2014 14:50:28 GMT+0800 (中国标准时间): GET /view/company/profile/%7B
Mon Dec 01 2014 14:50:28 GMT+0800 (中国标准时间): GET /view/company/profile/%7B
Mon Dec 01 2014 14:50:28 GMT+0800 (中国标准时间): GET /view/company/profile/%7B
Mon Dec 01 2014 14:50:28 GMT+0800 (中国标准时间): GET /view/company/profile/%7B
Mon Dec 01 2014 14:50:28 GMT+0800 (中国标准时间): GET /view/company/profile/%7B
Mon Dec 01 2014 14:50:28 GMT+0800 (中国标准时间): GET /view/company/profile/%7B
Mon Dec 01 2014 14:50:28 GMT+0800 (中国标准时间): GET /view/company/profile/%7B
Mon Dec 01 2014 14:50:28 GMT+0800 (中国标准时间): GET /view/company/profile/%7B
Mon Dec 01 2014 14:50:28 GMT+0800 (中国标准时间): GET /view/company/profile/%7B
Mon Dec 01 2014 14:50:28 GMT+0800 (中国标准时间): GET /view/company/profile/%7B
Mon Dec 01 2014 14:50:28 GMT+0800 (中国标准时间): GET /view/company/profile/%7B
Mon Dec 01 2014 14:50:28 GMT+0800 (中国标准时间): GET /view/company/profile/%7B
Mon Dec 01 2014 14:50:28 GMT+0800 (中国标准时间): GET /view/company/profile/%7B
Mon Dec 01 2014 14:50:30 GMT+0800 (中国标准时间): GET /view/company/profile/%7B
Mon Dec 01 2014 14:50:30 GMT+0800 (中国标准时间): GET /view/company/profile/%7B
Mon Dec 01 2014 14:50:31 GMT+0800 (中国标准时间): GET /view/company/profile/%7B
Mon Dec 01 2014 14:50:31 GMT+0800 (中国标准时间): GET /view/company/profile/%7B
Mon Dec 01 2014 14:50:31 GMT+0800 (中国标准时间): GET /view/company/profile/%7B
Mon Dec 01 2014 14:50:31 GMT+0800 (中国标准时间): GET /view/company/profile/%7B
Mon Dec 01 2014 14:50:31 GMT+0800 (中国标准时间): GET /view/company/profile/%7B
Mon Dec 01 2014 14:50:31 GMT+0800 (中国标准时间): GET /view/company/profile/%7B
Mon Dec 01 2014 14:50:31 GMT+0800 (中国标准时间): GET /view/company/profile/%7B
Mon Dec 01 2014 14:50:31 GMT+0800 (中国标准时间): GET /view/company/profile/%7B
Mon Dec 01 2014 14:50:31 GMT+0800 (中国标准时间): GET /view/company/profile/%7B
Mon Dec 01 2014 14:50:31 GMT+0800 (中国标准时间): GET /view/company/profile/%7B
Mon Dec 01 2014 14:52:00 GMT+0800 (中国标准时间): GET /view/company/profile/%7B
Mon Dec 01 2014 14:52:00 GMT+0800 (中国标准时间): GET /view/company/profile/%7B
Mon Dec 01 2014 14:53:36 GMT+0800 (中国标准时间): GET /view/company/profile/%7B
Mon Dec 01 2014 14:53:36 GMT+0800 (中国标准时间): GET /view/company/profile/%7B
Mon Dec 01 2014 14:53:38 GMT+0800 (中国标准时间): GET /view/company/profile/%7B
Mon Dec 01 2014 14:53:38 GMT+0800 (中国标准时间): GET /view/company/profile/%7B
Mon Dec 01 2014 14:55:40 GMT+0800 (中国标准时间): GET /view/company/profile/%7B
Mon Dec 01 2014 14:55:41 GMT+0800 (中国标准时间): GET /view/company/profile/%7B
Mon Dec 01 2014 14:59:19 GMT+0800 (中国标准时间): GET /view/company/profile/%7B
Mon Dec 01 2014 14:59:19 GMT+0800 (中国标准时间): GET /view/company/profile/%7B
Mon Dec 01 2014 15:00:05 GMT+0800 (中国标准时间): GET /view/company/profile/%7B
Mon Dec 01 2014 15:00:05 GMT+0800 (中国标准时间): GET /view/company/profile/%7B
Mon Dec 01 2014 15:00:06 GMT+0800 (中国标准时间): GET /view/company/profile/%7B
Mon Dec 01 2014 15:00:07 GMT+0800 (中国标准时间): GET /view/company/profile/%7B
Mon Dec 01 2014 15:00:08 GMT+0800 (中国标准时间): GET /view/company/profile/%7B
Mon Dec 01 2014 15:00:08 GMT+0800 (中国标准时间): GET /view/company/profile/%7B
Mon Dec 01 2014 15:00:12 GMT+0800 (中国标准时间): GET /view/company/profile/%7B
Mon Dec 01 2014 15:00:12 GMT+0800 (中国标准时间): GET /view/company/profile/%7B
Mon Dec 01 2014 15:04:59 GMT+0800 (中国标准时间): GET /view/company/profile/%7B
Mon Dec 01 2014 15:04:59 GMT+0800 (中国标准时间): GET /view/company/profile/%7B
Mon Dec 01 2014 15:05:02 GMT+0800 (中国标准时间): GET /view/company/profile/%7B
Mon Dec 01 2014 15:05:02 GMT+0800 (中国标准时间): GET /view/company/profile/%7B
Mon Dec 01 2014 15:05:41 GMT+0800 (中国标准时间): GET /view/company/profile/%7B
Mon Dec 01 2014 15:05:42 GMT+0800 (中国标准时间): GET /view/company/profile/%7B
Mon Dec 01 2014 15:05:42 GMT+0800 (中国标准时间): GET /view/company/profile/%7B
Mon Dec 01 2014 15:05:42 GMT+0800 (中国标准时间): GET /view/company/profile/%7B
Mon Dec 01 2014 15:05:44 GMT+0800 (中国标准时间): GET /view/company/profile/%7B
Mon Dec 01 2014 15:05:44 GMT+0800 (中国标准时间): GET /view/company/profile/%7B
Mon Dec 01 2014 15:05:44 GMT+0800 (中国标准时间): GET /view/company/profile/%7B
Mon Dec 01 2014 15:05:45 GMT+0800 (中国标准时间): GET /view/company/profile/%7B
Mon Dec 01 2014 15:05:51 GMT+0800 (中国标准时间): GET /view/company/profile/%7B
Mon Dec 01 2014 15:05:51 GMT+0800 (中国标准时间): GET /view/company/profile/%7B
Mon Dec 01 2014 15:07:13 GMT+0800 (中国标准时间): GET /view/company/profile/%7B
Mon Dec 01 2014 15:07:14 GMT+0800 (中国标准时间): GET /view/company/profile/%7B
Mon Dec 01 2014 15:07:39 GMT+0800 (中国标准时间): GET /view/company/profile/%7B
Mon Dec 01 2014 15:07:40 GMT+0800 (中国标准时间): GET /view/company/profile/%7B
Mon Dec 01 2014 15:07:41 GMT+0800 (中国标准时间): GET /view/company/profile/%7B
Mon Dec 01 2014 15:07:41 GMT+0800 (中国标准时间): GET /view/company/profile/%7B
Mon Dec 01 2014 15:08:07 GMT+0800 (中国标准时间): GET /view/company/profile/%7B
Mon Dec 01 2014 15:08:07 GMT+0800 (中国标准时间): GET /view/company/profile/%7B
Mon Dec 01 2014 15:08:08 GMT+0800 (中国标准时间): GET /view/company/profile/%7B
Mon Dec 01 2014 15:08:08 GMT+0800 (中国标准时间): GET /view/company/profile/%7B
Mon Dec 01 2014 15:08:09 GMT+0800 (中国标准时间): GET /view/company/profile/%7B
Mon Dec 01 2014 15:08:09 GMT+0800 (中国标准时间): GET /view/company/profile/%7B
Mon Dec 01 2014 15:08:24 GMT+0800 (中国标准时间): GET /view/company/profile/%7B
Mon Dec 01 2014 15:08:24 GMT+0800 (中国标准时间): GET /view/company/profile/%7B
Mon Dec 01 2014 15:08:25 GMT+0800 (中国标准时间): GET /view/company/profile/%7B
Mon Dec 01 2014 15:08:26 GMT+0800 (中国标准时间): GET /view/company/profile/%7B
Mon Dec 01 2014 15:08:26 GMT+0800 (中国标准时间): GET /view/company/profile/%7B
Mon Dec 01 2014 15:08:47 GMT+0800 (中国标准时间): GET /view/company/profile/%7B
Mon Dec 01 2014 15:08:47 GMT+0800 (中国标准时间): GET /view/company/profile/%7B
Mon Dec 01 2014 15:08:49 GMT+0800 (中国标准时间): GET /view/company/profile/%7B
Mon Dec 01 2014 15:08:49 GMT+0800 (中国标准时间): GET /view/company/profile/%7B
Mon Dec 01 2014 15:08:50 GMT+0800 (中国标准时间): GET /view/company/profile/%7B
Mon Dec 01 2014 15:08:51 GMT+0800 (中国标准时间): GET /view/company/profile/%7B
Mon Dec 01 2014 15:08:52 GMT+0800 (中国标准时间): GET /view/company/profile/%7B
Mon Dec 01 2014 15:08:52 GMT+0800 (中国标准时间): GET /view/company/profile/%7B
Mon Dec 01 2014 15:08:53 GMT+0800 (中国标准时间): GET /view/company/profile/%7B
Mon Dec 01 2014 15:08:53 GMT+0800 (中国标准时间): GET /view/company/profile/%7B
Mon Dec 01 2014 15:09:02 GMT+0800 (中国标准时间): GET /view/company/profile/%7B
Mon Dec 01 2014 15:09:02 GMT+0800 (中国标准时间): GET /view/company/profile/%7B
Mon Dec 01 2014 15:09:50 GMT+0800 (中国标准时间): GET /view/company/profile/%7B
Mon Dec 01 2014 15:09:50 GMT+0800 (中国标准时间): GET /view/company/profile/%7B
Mon Dec 01 2014 15:15:59 GMT+0800 (中国标准时间): GET /view/company/profile/%7B
Mon Dec 01 2014 15:15:59 GMT+0800 (中国标准时间): GET /view/company/profile/%7B
Mon Dec 01 2014 15:17:04 GMT+0800 (中国标准时间): GET /view/company/profile/%7B
Mon Dec 01 2014 15:17:05 GMT+0800 (中国标准时间): GET /view/company/profile/%7B
Mon Dec 01 2014 15:17:57 GMT+0800 (中国标准时间): GET /view/company/profile/%7B
Mon Dec 01 2014 15:17:58 GMT+0800 (中国标准时间): GET /view/company/profile/%7B
Mon Dec 01 2014 15:18:01 GMT+0800 (中国标准时间): GET /view/company/profile/%7B
Mon Dec 01 2014 15:18:01 GMT+0800 (中国标准时间): GET /view/company/profile/%7B
Mon Dec 01 2014 15:22:29 GMT+0800 (中国标准时间): GET /view/user/my/stocks/%7B
Mon Dec 01 2014 15:23:12 GMT+0800 (中国标准时间): GET /view/company/profile/%7B
Mon Dec 01 2014 15:23:13 GMT+0800 (中国标准时间): GET /view/company/profile/%7B
Mon Dec 01 2014 15:23:45 GMT+0800 (中国标准时间): GET /view/company/profile/%7B
Mon Dec 01 2014 15:23:45 GMT+0800 (中国标准时间): GET /view/company/profile/%7B
Mon Dec 01 2014 15:23:59 GMT+0800 (中国标准时间): GET /view/company/profile/%7B
Mon Dec 01 2014 15:23:59 GMT+0800 (中国标准时间): GET /view/company/profile/%7B
Mon Dec 01 2014 15:24:13 GMT+0800 (中国标准时间): GET /view/company/profile/%7B
Mon Dec 01 2014 15:24:13 GMT+0800 (中国标准时间): GET /view/company/profile/%7B
Mon Dec 01 2014 15:24:15 GMT+0800 (中国标准时间): GET /view/company/profile/%7B
Mon Dec 01 2014 15:24:16 GMT+0800 (中国标准时间): GET /view/company/profile/%7B
Mon Dec 01 2014 15:24:17 GMT+0800 (中国标准时间): GET /view/company/profile/%7B
Mon Dec 01 2014 15:24:18 GMT+0800 (中国标准时间): GET /view/company/profile/%7B
Mon Dec 01 2014 15:25:01 GMT+0800 (中国标准时间): GET /view/company/profile/%7B
Mon Dec 01 2014 15:25:02 GMT+0800 (中国标准时间): GET /view/company/profile/%7B
Mon Dec 01 2014 15:25:04 GMT+0800 (中国标准时间): GET /view/company/profile/%7B
Mon Dec 01 2014 15:25:05 GMT+0800 (中国标准时间): GET /view/company/profile/%7B
Mon Dec 01 2014 15:25:06 GMT+0800 (中国标准时间): GET /view/company/profile/%7B
Mon Dec 01 2014 15:25:07 GMT+0800 (中国标准时间): GET /view/company/profile/%7B
Mon Dec 01 2014 15:25:59 GMT+0800 (中国标准时间): GET /view/company/profile/%7B
Mon Dec 01 2014 15:25:59 GMT+0800 (中国标准时间): GET /view/company/profile/%7B
Mon Dec 01 2014 15:26:01 GMT+0800 (中国标准时间): GET /view/company/profile/%7B
Mon Dec 01 2014 15:26:01 GMT+0800 (中国标准时间): GET /view/company/profile/%7B
Mon Dec 01 2014 15:26:02 GMT+0800 (中国标准时间): GET /view/company/profile/%7B
Mon Dec 01 2014 15:26:02 GMT+0800 (中国标准时间): GET /view/company/profile/%7B
Mon Dec 01 2014 15:26:08 GMT+0800 (中国标准时间): POST /center/addOS
Mon Dec 01 2014 15:27:32 GMT+0800 (中国标准时间): GET /view/company/profile/%7B
Mon Dec 01 2014 15:27:33 GMT+0800 (中国标准时间): GET /view/company/profile/%7B
Mon Dec 01 2014 15:27:35 GMT+0800 (中国标准时间): GET /view/company/profile/%7B
Mon Dec 01 2014 15:27:35 GMT+0800 (中国标准时间): GET /view/company/profile/%7B
Mon Dec 01 2014 15:27:37 GMT+0800 (中国标准时间): GET /view/company/profile/%7B
Mon Dec 01 2014 15:27:37 GMT+0800 (中国标准时间): GET /view/company/profile/%7B
Mon Dec 01 2014 15:41:00 GMT+0800 (中国标准时间): GET /view/company/profile/%7B
Mon Dec 01 2014 15:41:01 GMT+0800 (中国标准时间): GET /view/company/profile/%7B
Mon Dec 01 2014 15:41:56 GMT+0800 (中国标准时间): GET /view/company/profile/%7B
Mon Dec 01 2014 15:41:56 GMT+0800 (中国标准时间): GET /view/company/profile/%7B
Mon Dec 01 2014 15:41:58 GMT+0800 (中国标准时间): GET /view/company/profile/%7B
Mon Dec 01 2014 15:41:58 GMT+0800 (中国标准时间): GET /view/company/profile/%7B
Mon Dec 01 2014 15:42:25 GMT+0800 (中国标准时间): GET /view/company/profile/%7B
Mon Dec 01 2014 15:42:25 GMT+0800 (中国标准时间): GET /view/company/profile/%7B
Mon Dec 01 2014 15:43:21 GMT+0800 (中国标准时间): GET /view/company/profile/%7B
Mon Dec 01 2014 15:43:21 GMT+0800 (中国标准时间): GET /view/company/profile/%7B
Mon Dec 01 2014 15:43:23 GMT+0800 (中国标准时间): GET /view/company/profile/%7B
Mon Dec 01 2014 15:43:23 GMT+0800 (中国标准时间): GET /view/company/profile/%7B
Mon Dec 01 2014 15:45:20 GMT+0800 (中国标准时间): GET /view/company/profile/%7B
Mon Dec 01 2014 15:45:20 GMT+0800 (中国标准时间): GET /view/company/profile/%7B
Mon Dec 01 2014 15:45:23 GMT+0800 (中国标准时间): POST /search/company
Mon Dec 01 2014 15:46:04 GMT+0800 (中国标准时间): GET /view/company/profile/%7B
Mon Dec 01 2014 15:46:05 GMT+0800 (中国标准时间): GET /view/company/profile/%7B
Mon Dec 01 2014 15:46:09 GMT+0800 (中国标准时间): GET /view/company/profile/%7B
Mon Dec 01 2014 15:46:09 GMT+0800 (中国标准时间): GET /view/company/profile/%7B
Mon Dec 01 2014 15:46:11 GMT+0800 (中国标准时间): POST /search/company
Mon Dec 01 2014 15:46:56 GMT+0800 (中国标准时间): POST /center/addOS
Mon Dec 01 2014 15:47:50 GMT+0800 (中国标准时间): GET /view/company/profile/%7B
Mon Dec 01 2014 15:47:50 GMT+0800 (中国标准时间): GET /view/company/profile/%7B
Mon Dec 01 2014 15:47:54 GMT+0800 (中国标准时间): POST /center/addOS
Mon Dec 01 2014 15:48:11 GMT+0800 (中国标准时间): POST /center/addOS
Mon Dec 01 2014 15:48:12 GMT+0800 (中国标准时间): POST /center/addOS
Mon Dec 01 2014 15:48:33 GMT+0800 (中国标准时间): GET /view/company/profile/%7B
Mon Dec 01 2014 15:48:33 GMT+0800 (中国标准时间): GET /view/company/profile/%7B
Mon Dec 01 2014 15:48:35 GMT+0800 (中国标准时间): GET /view/company/profile/%7B
Mon Dec 01 2014 15:48:35 GMT+0800 (中国标准时间): GET /view/company/profile/%7B
Mon Dec 01 2014 15:48:36 GMT+0800 (中国标准时间): POST /center/addOS
Mon Dec 01 2014 15:48:37 GMT+0800 (中国标准时间): POST /center/addOS
Mon Dec 01 2014 15:48:39 GMT+0800 (中国标准时间): GET /view/company/profile/%7B
Mon Dec 01 2014 15:48:39 GMT+0800 (中国标准时间): GET /view/company/profile/%7B
Mon Dec 01 2014 15:48:41 GMT+0800 (中国标准时间): POST /center/addOS
Mon Dec 01 2014 15:55:09 GMT+0800 (中国标准时间): GET /view/company/profile/%7B
Mon Dec 01 2014 15:55:09 GMT+0800 (中国标准时间): GET /view/company/profile/%7B
Mon Dec 01 2014 15:55:13 GMT+0800 (中国标准时间): POST /center/addOS
Mon Dec 01 2014 15:55:15 GMT+0800 (中国标准时间): POST /center/addOS
Mon Dec 01 2014 15:55:16 GMT+0800 (中国标准时间): POST /center/addOS
Mon Dec 01 2014 15:55:18 GMT+0800 (中国标准时间): GET /view/company/profile/%7B
Mon Dec 01 2014 15:55:19 GMT+0800 (中国标准时间): GET /view/company/profile/%7B
Mon Dec 01 2014 15:55:21 GMT+0800 (中国标准时间): POST /center/addOS
Mon Dec 01 2014 15:55:22 GMT+0800 (中国标准时间): POST /center/addOS
Mon Dec 01 2014 15:55:41 GMT+0800 (中国标准时间): GET /view/company/profile/%7B
Mon Dec 01 2014 15:55:41 GMT+0800 (中国标准时间): GET /view/company/profile/%7B
Mon Dec 01 2014 15:55:44 GMT+0800 (中国标准时间): POST /center/addOS
Mon Dec 01 2014 15:55:45 GMT+0800 (中国标准时间): GET /view/company/profile/%7B
Mon Dec 01 2014 15:55:46 GMT+0800 (中国标准时间): GET /view/company/profile/%7B
Mon Dec 01 2014 15:55:47 GMT+0800 (中国标准时间): POST /center/addOS
Mon Dec 01 2014 15:55:48 GMT+0800 (中国标准时间): POST /center/addOS
Mon Dec 01 2014 15:55:50 GMT+0800 (中国标准时间): POST /center/addOS
Mon Dec 01 2014 15:55:51 GMT+0800 (中国标准时间): POST /center/addOS
Mon Dec 01 2014 15:55:53 GMT+0800 (中国标准时间): POST /center/addOS
Mon Dec 01 2014 15:55:53 GMT+0800 (中国标准时间): POST /center/addOS
Mon Dec 01 2014 15:56:01 GMT+0800 (中国标准时间): GET /view/company/profile/%7B
Mon Dec 01 2014 15:56:01 GMT+0800 (中国标准时间): GET /view/company/profile/%7B
Mon Dec 01 2014 15:56:02 GMT+0800 (中国标准时间): POST /center/addOS
Mon Dec 01 2014 15:56:06 GMT+0800 (中国标准时间): POST /center/addOS
Mon Dec 01 2014 15:56:15 GMT+0800 (中国标准时间): POST /center/addOS
Mon Dec 01 2014 15:56:31 GMT+0800 (中国标准时间): GET /view/company/profile/%7B
Mon Dec 01 2014 15:56:31 GMT+0800 (中国标准时间): GET /view/company/profile/%7B
Mon Dec 01 2014 15:56:32 GMT+0800 (中国标准时间): GET /view/company/profile/%7B
Mon Dec 01 2014 15:56:33 GMT+0800 (中国标准时间): GET /view/company/profile/%7B
Mon Dec 01 2014 15:56:34 GMT+0800 (中国标准时间): GET /view/company/profile/%7B
Mon Dec 01 2014 15:56:34 GMT+0800 (中国标准时间): GET /view/company/profile/%7B
Mon Dec 01 2014 15:56:36 GMT+0800 (中国标准时间): POST /center/addOS
Mon Dec 01 2014 15:56:37 GMT+0800 (中国标准时间): GET /view/company/profile/%7B
Mon Dec 01 2014 15:56:38 GMT+0800 (中国标准时间): GET /view/company/profile/%7B
Mon Dec 01 2014 15:56:38 GMT+0800 (中国标准时间): POST /center/addOS
Mon Dec 01 2014 16:44:40 GMT+0800 (中国标准时间): GET /view/company/profile/%7B
Mon Dec 01 2014 16:44:40 GMT+0800 (中国标准时间): GET /view/company/profile/%7B
Mon Dec 01 2014 16:44:42 GMT+0800 (中国标准时间): POST /center/addOS
Mon Dec 01 2014 16:49:17 GMT+0800 (中国标准时间): GET /view/company/profile/%7B
Mon Dec 01 2014 16:49:18 GMT+0800 (中国标准时间): GET /view/company/profile/%7B
Mon Dec 01 2014 16:50:02 GMT+0800 (中国标准时间): GET /view/company/profile/%7B
Mon Dec 01 2014 16:50:02 GMT+0800 (中国标准时间): GET /view/company/profile/%7B
Mon Dec 01 2014 16:50:07 GMT+0800 (中国标准时间): POST /center/addOS
Mon Dec 01 2014 16:50:31 GMT+0800 (中国标准时间): GET /view/company/profile/%7B
Mon Dec 01 2014 16:50:32 GMT+0800 (中国标准时间): GET /view/company/profile/%7B
Mon Dec 01 2014 16:50:35 GMT+0800 (中国标准时间): POST /center/addOS
Mon Dec 01 2014 16:54:24 GMT+0800 (中国标准时间): GET /view/company/profile/%7B
Mon Dec 01 2014 16:54:24 GMT+0800 (中国标准时间): GET /view/company/profile/%7B
Mon Dec 01 2014 17:16:35 GMT+0800 (中国标准时间): POST /center/addOS
Mon Dec 01 2014 17:20:22 GMT+0800 (中国标准时间): GET /view/company/profile/%7B
Mon Dec 01 2014 17:20:22 GMT+0800 (中国标准时间): GET /view/company/profile/%7B
Mon Dec 01 2014 17:20:23 GMT+0800 (中国标准时间): POST /center/addOS
Mon Dec 01 2014 17:20:26 GMT+0800 (中国标准时间): GET /view/company/profile/%7B
Mon Dec 01 2014 17:20:27 GMT+0800 (中国标准时间): GET /view/company/profile/%7B
Mon Dec 01 2014 17:20:28 GMT+0800 (中国标准时间): POST /center/addOS
Mon Dec 01 2014 17:21:26 GMT+0800 (中国标准时间): GET /view/company/profile/%7B
Mon Dec 01 2014 17:21:27 GMT+0800 (中国标准时间): GET /view/company/profile/%7B
Mon Dec 01 2014 17:21:28 GMT+0800 (中国标准时间): POST /center/addOS
Mon Dec 01 2014 17:22:12 GMT+0800 (中国标准时间): GET /view/company/profile/%7B
Mon Dec 01 2014 17:22:12 GMT+0800 (中国标准时间): GET /view/company/profile/%7B
Mon Dec 01 2014 17:23:51 GMT+0800 (中国标准时间): GET /view/company/profile/%7B
Mon Dec 01 2014 17:23:52 GMT+0800 (中国标准时间): GET /view/company/profile/%7B
Mon Dec 01 2014 17:24:58 GMT+0800 (中国标准时间): GET /view/company/profile/%7B
Mon Dec 01 2014 17:24:58 GMT+0800 (中国标准时间): GET /view/company/profile/%7B
Mon Dec 01 2014 17:25:28 GMT+0800 (中国标准时间): GET /view/company/profile/%7B
Mon Dec 01 2014 17:25:28 GMT+0800 (中国标准时间): GET /view/company/profile/%7B
Mon Dec 01 2014 17:25:32 GMT+0800 (中国标准时间): GET /view/company/profile/%7B
Mon Dec 01 2014 17:25:32 GMT+0800 (中国标准时间): GET /view/company/profile/%7B
Mon Dec 01 2014 17:25:37 GMT+0800 (中国标准时间): POST /center/addOS
Mon Dec 01 2014 17:32:19 GMT+0800 (中国标准时间): GET /view/company/profile/%7B
Mon Dec 01 2014 17:32:19 GMT+0800 (中国标准时间): GET /view/company/profile/%7B
Mon Dec 01 2014 17:32:25 GMT+0800 (中国标准时间): POST /center/addOS
Mon Dec 01 2014 17:32:27 GMT+0800 (中国标准时间): GET /view/company/profile/%7B
Mon Dec 01 2014 17:32:28 GMT+0800 (中国标准时间): GET /view/company/profile/%7B
Mon Dec 01 2014 17:33:24 GMT+0800 (中国标准时间): GET /view/company/profile/%7B
Mon Dec 01 2014 17:33:24 GMT+0800 (中国标准时间): GET /view/company/profile/%7B
Mon Dec 01 2014 17:33:56 GMT+0800 (中国标准时间): GET /view/company/profile/%7B
Mon Dec 01 2014 17:33:56 GMT+0800 (中国标准时间): GET /view/company/profile/%7B
Mon Dec 01 2014 17:33:57 GMT+0800 (中国标准时间): GET /view/company/profile/%7B
Mon Dec 01 2014 17:33:57 GMT+0800 (中国标准时间): GET /view/company/profile/%7B
Mon Dec 01 2014 17:33:58 GMT+0800 (中国标准时间): GET /view/company/profile/%7B
Mon Dec 01 2014 17:33:58 GMT+0800 (中国标准时间): GET /view/company/profile/%7B
Mon Dec 01 2014 17:34:29 GMT+0800 (中国标准时间): GET /view/company/profile/%7B
Mon Dec 01 2014 17:34:30 GMT+0800 (中国标准时间): GET /view/company/profile/%7B
Mon Dec 01 2014 17:34:31 GMT+0800 (中国标准时间): GET /view/company/profile/%7B
Mon Dec 01 2014 17:34:31 GMT+0800 (中国标准时间): GET /view/company/profile/%7B
Mon Dec 01 2014 17:34:32 GMT+0800 (中国标准时间): GET /view/company/profile/%7B
Mon Dec 01 2014 17:34:32 GMT+0800 (中国标准时间): GET /view/company/profile/%7B
Mon Dec 01 2014 17:34:48 GMT+0800 (中国标准时间): GET /view/company/profile/%7B
Mon Dec 01 2014 17:34:48 GMT+0800 (中国标准时间): GET /view/company/profile/%7B
Mon Dec 01 2014 17:34:49 GMT+0800 (中国标准时间): GET /view/company/profile/%7B
Mon Dec 01 2014 17:34:50 GMT+0800 (中国标准时间): GET /view/company/profile/%7B
Mon Dec 01 2014 17:34:52 GMT+0800 (中国标准时间): GET /view/company/profile/%7B
Mon Dec 01 2014 17:34:52 GMT+0800 (中国标准时间): GET /view/company/profile/%7B
Mon Dec 01 2014 17:40:49 GMT+0800 (中国标准时间): GET /view/company/profile/%7B
Mon Dec 01 2014 17:40:49 GMT+0800 (中国标准时间): GET /view/company/profile/%7B
Mon Dec 01 2014 17:40:56 GMT+0800 (中国标准时间): POST /center/addOS
Mon Dec 01 2014 17:40:57 GMT+0800 (中国标准时间): GET /view/company/profile/%7B
Mon Dec 01 2014 17:40:57 GMT+0800 (中国标准时间): GET /view/company/profile/%7B
Mon Dec 01 2014 17:40:58 GMT+0800 (中国标准时间): POST /center/addOS
Mon Dec 01 2014 17:41:09 GMT+0800 (中国标准时间): GET /view/company/profile/%7B
Mon Dec 01 2014 17:41:09 GMT+0800 (中国标准时间): GET /view/company/profile/%7B
Mon Dec 01 2014 17:41:10 GMT+0800 (中国标准时间): POST /center/addOS
Mon Dec 01 2014 17:41:13 GMT+0800 (中国标准时间): GET /view/company/profile/%7B
Mon Dec 01 2014 17:41:14 GMT+0800 (中国标准时间): GET /view/company/profile/%7B
Mon Dec 01 2014 17:41:15 GMT+0800 (中国标准时间): POST /center/addOS
Mon Dec 01 2014 17:41:20 GMT+0800 (中国标准时间): POST /search/company
Mon Dec 01 2014 17:41:28 GMT+0800 (中国标准时间): POST /search/company
Mon Dec 01 2014 17:41:31 GMT+0800 (中国标准时间): POST /search/company
Mon Dec 01 2014 17:42:24 GMT+0800 (中国标准时间): GET /view/company/profile/%7B
Mon Dec 01 2014 17:42:24 GMT+0800 (中国标准时间): GET /view/company/profile/%7B
Mon Dec 01 2014 17:44:28 GMT+0800 (中国标准时间): GET /view/company/profile/%7B
Mon Dec 01 2014 17:44:28 GMT+0800 (中国标准时间): GET /view/company/profile/%7B
